{"/Users/francema/Turing/palette-picker/palette-api/app.js": {"path":"/Users/francema/Turing/palette-picker/palette-api/app.js","statementMap":{"0":{"start":{"line":1,"column":16},"end":{"line":1,"column":34}},"1":{"start":{"line":2,"column":19},"end":{"line":2,"column":41}},"2":{"start":{"line":3,"column":12},"end":{"line":3,"column":21}},"3":{"start":{"line":4,"column":20},"end":{"line":4,"column":57}},"4":{"start":{"line":5,"column":22},"end":{"line":5,"column":56}},"5":{"start":{"line":6,"column":17},"end":{"line":6,"column":47}},"6":{"start":{"line":7,"column":13},"end":{"line":7,"column":28}},"7":{"start":{"line":9,"column":0},"end":{"line":9,"column":27}},"8":{"start":{"line":10,"column":0},"end":{"line":10,"column":16}},"9":{"start":{"line":12,"column":0},"end":{"line":12,"column":28}},"10":{"start":{"line":15,"column":16},"end":{"line":15,"column":63}},"11":{"start":{"line":15,"column":34},"end":{"line":15,"column":63}},"12":{"start":{"line":16,"column":16},"end":{"line":16,"column":63}},"13":{"start":{"line":16,"column":34},"end":{"line":16,"column":63}},"14":{"start":{"line":17,"column":16},"end":{"line":17,"column":63}},"15":{"start":{"line":17,"column":34},"end":{"line":17,"column":63}},"16":{"start":{"line":18,"column":16},"end":{"line":18,"column":63}},"17":{"start":{"line":18,"column":34},"end":{"line":18,"column":63}},"18":{"start":{"line":21,"column":16},"end":{"line":21,"column":63}},"19":{"start":{"line":21,"column":34},"end":{"line":21,"column":63}},"20":{"start":{"line":22,"column":16},"end":{"line":22,"column":63}},"21":{"start":{"line":22,"column":34},"end":{"line":22,"column":63}},"22":{"start":{"line":23,"column":16},"end":{"line":23,"column":63}},"23":{"start":{"line":23,"column":34},"end":{"line":23,"column":63}},"24":{"start":{"line":26,"column":0},"end":{"line":26,"column":93}},"25":{"start":{"line":26,"column":27},"end":{"line":26,"column":91}},"26":{"start":{"line":29,"column":0},"end":{"line":38,"column":3}},"27":{"start":{"line":30,"column":2},"end":{"line":37,"column":7}},"28":{"start":{"line":33,"column":6},"end":{"line":33,"column":29}},"29":{"start":{"line":36,"column":6},"end":{"line":36,"column":34}},"30":{"start":{"line":41,"column":0},"end":{"line":59,"column":3}},"31":{"start":{"line":42,"column":13},"end":{"line":42,"column":27}},"32":{"start":{"line":43,"column":2},"end":{"line":58,"column":7}},"33":{"start":{"line":46,"column":6},"end":{"line":53,"column":7}},"34":{"start":{"line":47,"column":30},"end":{"line":47,"column":77}},"35":{"start":{"line":47,"column":55},"end":{"line":47,"column":76}},"36":{"start":{"line":48,"column":8},"end":{"line":52,"column":9}},"37":{"start":{"line":49,"column":10},"end":{"line":49,"column":37}},"38":{"start":{"line":51,"column":10},"end":{"line":51,"column":66}},"39":{"start":{"line":54,"column":6},"end":{"line":54,"column":29}},"40":{"start":{"line":57,"column":6},"end":{"line":57,"column":34}},"41":{"start":{"line":62,"column":0},"end":{"line":76,"column":3}},"42":{"start":{"line":63,"column":2},"end":{"line":75,"column":7}},"43":{"start":{"line":67,"column":6},"end":{"line":71,"column":7}},"44":{"start":{"line":68,"column":8},"end":{"line":68,"column":30}},"45":{"start":{"line":70,"column":8},"end":{"line":70,"column":67}},"46":{"start":{"line":74,"column":6},"end":{"line":74,"column":34}},"47":{"start":{"line":79,"column":0},"end":{"line":93,"column":3}},"48":{"start":{"line":80,"column":2},"end":{"line":92,"column":7}},"49":{"start":{"line":84,"column":6},"end":{"line":88,"column":7}},"50":{"start":{"line":85,"column":8},"end":{"line":85,"column":30}},"51":{"start":{"line":87,"column":8},"end":{"line":87,"column":67}},"52":{"start":{"line":91,"column":6},"end":{"line":91,"column":34}},"53":{"start":{"line":96,"column":0},"end":{"line":108,"column":3}},"54":{"start":{"line":97,"column":2},"end":{"line":107,"column":7}},"55":{"start":{"line":99,"column":6},"end":{"line":103,"column":7}},"56":{"start":{"line":100,"column":8},"end":{"line":100,"column":31}},"57":{"start":{"line":102,"column":8},"end":{"line":102,"column":86}},"58":{"start":{"line":106,"column":6},"end":{"line":106,"column":34}},"59":{"start":{"line":111,"column":0},"end":{"line":124,"column":3}},"60":{"start":{"line":112,"column":21},"end":{"line":112,"column":29}},"61":{"start":{"line":113,"column":2},"end":{"line":115,"column":3}},"62":{"start":{"line":114,"column":4},"end":{"line":114,"column":56}},"63":{"start":{"line":116,"column":2},"end":{"line":123,"column":7}},"64":{"start":{"line":119,"column":6},"end":{"line":119,"column":40}},"65":{"start":{"line":122,"column":6},"end":{"line":122,"column":34}},"66":{"start":{"line":127,"column":0},"end":{"line":149,"column":3}},"67":{"start":{"line":128,"column":21},"end":{"line":128,"column":29}},"68":{"start":{"line":129,"column":2},"end":{"line":133,"column":3}},"69":{"start":{"line":130,"column":4},"end":{"line":132,"column":5}},"70":{"start":{"line":131,"column":6},"end":{"line":131,"column":148}},"71":{"start":{"line":134,"column":2},"end":{"line":148,"column":7}},"72":{"start":{"line":136,"column":6},"end":{"line":138,"column":7}},"73":{"start":{"line":137,"column":8},"end":{"line":137,"column":140}},"74":{"start":{"line":141,"column":6},"end":{"line":144,"column":10}},"75":{"start":{"line":143,"column":10},"end":{"line":143,"column":41}},"76":{"start":{"line":147,"column":6},"end":{"line":147,"column":34}},"77":{"start":{"line":152,"column":0},"end":{"line":179,"column":3}},"78":{"start":{"line":153,"column":25},"end":{"line":153,"column":33}},"79":{"start":{"line":154,"column":2},"end":{"line":156,"column":3}},"80":{"start":{"line":155,"column":4},"end":{"line":155,"column":83}},"81":{"start":{"line":157,"column":14},"end":{"line":157,"column":19}},"82":{"start":{"line":158,"column":2},"end":{"line":178,"column":7}},"83":{"start":{"line":160,"column":6},"end":{"line":164,"column":8}},"84":{"start":{"line":161,"column":8},"end":{"line":163,"column":9}},"85":{"start":{"line":162,"column":10},"end":{"line":162,"column":22}},"86":{"start":{"line":165,"column":6},"end":{"line":174,"column":7}},"87":{"start":{"line":166,"column":8},"end":{"line":166,"column":64}},"88":{"start":{"line":168,"column":8},"end":{"line":173,"column":10}},"89":{"start":{"line":172,"column":10},"end":{"line":172,"column":71}},"90":{"start":{"line":177,"column":6},"end":{"line":177,"column":34}},"91":{"start":{"line":182,"column":0},"end":{"line":216,"column":3}},"92":{"start":{"line":183,"column":25},"end":{"line":183,"column":33}},"93":{"start":{"line":184,"column":2},"end":{"line":188,"column":3}},"94":{"start":{"line":185,"column":4},"end":{"line":187,"column":5}},"95":{"start":{"line":186,"column":6},"end":{"line":186,"column":148}},"96":{"start":{"line":189,"column":14},"end":{"line":189,"column":19}},"97":{"start":{"line":190,"column":2},"end":{"line":215,"column":7}},"98":{"start":{"line":192,"column":6},"end":{"line":196,"column":8}},"99":{"start":{"line":193,"column":8},"end":{"line":195,"column":9}},"100":{"start":{"line":194,"column":10},"end":{"line":194,"column":22}},"101":{"start":{"line":197,"column":6},"end":{"line":211,"column":7}},"102":{"start":{"line":198,"column":8},"end":{"line":198,"column":64}},"103":{"start":{"line":200,"column":8},"end":{"line":210,"column":10}},"104":{"start":{"line":209,"column":10},"end":{"line":209,"column":71}},"105":{"start":{"line":214,"column":6},"end":{"line":214,"column":34}},"106":{"start":{"line":219,"column":0},"end":{"line":243,"column":3}},"107":{"start":{"line":220,"column":14},"end":{"line":220,"column":19}},"108":{"start":{"line":221,"column":2},"end":{"line":242,"column":7}},"109":{"start":{"line":223,"column":6},"end":{"line":227,"column":9}},"110":{"start":{"line":224,"column":8},"end":{"line":226,"column":9}},"111":{"start":{"line":225,"column":10},"end":{"line":225,"column":23}},"112":{"start":{"line":228,"column":6},"end":{"line":238,"column":7}},"113":{"start":{"line":229,"column":8},"end":{"line":229,"column":69}},"114":{"start":{"line":231,"column":8},"end":{"line":237,"column":13}},"115":{"start":{"line":233,"column":12},"end":{"line":236,"column":17}},"116":{"start":{"line":235,"column":16},"end":{"line":235,"column":111}},"117":{"start":{"line":241,"column":6},"end":{"line":241,"column":34}},"118":{"start":{"line":246,"column":0},"end":{"line":267,"column":3}},"119":{"start":{"line":247,"column":14},"end":{"line":247,"column":19}},"120":{"start":{"line":248,"column":2},"end":{"line":266,"column":7}},"121":{"start":{"line":250,"column":6},"end":{"line":254,"column":9}},"122":{"start":{"line":251,"column":8},"end":{"line":253,"column":9}},"123":{"start":{"line":252,"column":10},"end":{"line":252,"column":23}},"124":{"start":{"line":255,"column":6},"end":{"line":262,"column":7}},"125":{"start":{"line":256,"column":8},"end":{"line":256,"column":69}},"126":{"start":{"line":258,"column":8},"end":{"line":261,"column":13}},"127":{"start":{"line":260,"column":12},"end":{"line":260,"column":79}},"128":{"start":{"line":265,"column":6},"end":{"line":265,"column":34}},"129":{"start":{"line":269,"column":0},"end":{"line":269,"column":21}}},"fnMap":{"0":{"name":"(anonymous_0)","decl":{"start":{"line":15,"column":16},"end":{"line":15,"column":17}},"loc":{"start":{"line":15,"column":34},"end":{"line":15,"column":63}},"line":15},"1":{"name":"(anonymous_1)","decl":{"start":{"line":16,"column":16},"end":{"line":16,"column":17}},"loc":{"start":{"line":16,"column":34},"end":{"line":16,"column":63}},"line":16},"2":{"name":"(anonymous_2)","decl":{"start":{"line":17,"column":16},"end":{"line":17,"column":17}},"loc":{"start":{"line":17,"column":34},"end":{"line":17,"column":63}},"line":17},"3":{"name":"(anonymous_3)","decl":{"start":{"line":18,"column":16},"end":{"line":18,"column":17}},"loc":{"start":{"line":18,"column":34},"end":{"line":18,"column":63}},"line":18},"4":{"name":"(anonymous_4)","decl":{"start":{"line":21,"column":16},"end":{"line":21,"column":17}},"loc":{"start":{"line":21,"column":34},"end":{"line":21,"column":63}},"line":21},"5":{"name":"(anonymous_5)","decl":{"start":{"line":22,"column":16},"end":{"line":22,"column":17}},"loc":{"start":{"line":22,"column":34},"end":{"line":22,"column":63}},"line":22},"6":{"name":"(anonymous_6)","decl":{"start":{"line":23,"column":16},"end":{"line":23,"column":17}},"loc":{"start":{"line":23,"column":34},"end":{"line":23,"column":63}},"line":23},"7":{"name":"(anonymous_7)","decl":{"start":{"line":26,"column":13},"end":{"line":26,"column":14}},"loc":{"start":{"line":26,"column":27},"end":{"line":26,"column":91}},"line":26},"8":{"name":"(anonymous_8)","decl":{"start":{"line":29,"column":28},"end":{"line":29,"column":29}},"loc":{"start":{"line":29,"column":42},"end":{"line":38,"column":1}},"line":29},"9":{"name":"(anonymous_9)","decl":{"start":{"line":32,"column":10},"end":{"line":32,"column":11}},"loc":{"start":{"line":32,"column":24},"end":{"line":34,"column":5}},"line":32},"10":{"name":"(anonymous_10)","decl":{"start":{"line":35,"column":11},"end":{"line":35,"column":12}},"loc":{"start":{"line":35,"column":22},"end":{"line":37,"column":5}},"line":35},"11":{"name":"(anonymous_11)","decl":{"start":{"line":41,"column":28},"end":{"line":41,"column":29}},"loc":{"start":{"line":41,"column":42},"end":{"line":59,"column":1}},"line":41},"12":{"name":"(anonymous_12)","decl":{"start":{"line":45,"column":10},"end":{"line":45,"column":11}},"loc":{"start":{"line":45,"column":24},"end":{"line":55,"column":5}},"line":45},"13":{"name":"(anonymous_13)","decl":{"start":{"line":47,"column":44},"end":{"line":47,"column":45}},"loc":{"start":{"line":47,"column":55},"end":{"line":47,"column":76}},"line":47},"14":{"name":"(anonymous_14)","decl":{"start":{"line":56,"column":11},"end":{"line":56,"column":12}},"loc":{"start":{"line":56,"column":22},"end":{"line":58,"column":5}},"line":56},"15":{"name":"(anonymous_15)","decl":{"start":{"line":62,"column":32},"end":{"line":62,"column":33}},"loc":{"start":{"line":62,"column":46},"end":{"line":76,"column":1}},"line":62},"16":{"name":"(anonymous_16)","decl":{"start":{"line":66,"column":10},"end":{"line":66,"column":11}},"loc":{"start":{"line":66,"column":23},"end":{"line":72,"column":5}},"line":66},"17":{"name":"(anonymous_17)","decl":{"start":{"line":73,"column":11},"end":{"line":73,"column":12}},"loc":{"start":{"line":73,"column":22},"end":{"line":75,"column":5}},"line":73},"18":{"name":"(anonymous_18)","decl":{"start":{"line":79,"column":32},"end":{"line":79,"column":33}},"loc":{"start":{"line":79,"column":46},"end":{"line":93,"column":1}},"line":79},"19":{"name":"(anonymous_19)","decl":{"start":{"line":83,"column":10},"end":{"line":83,"column":11}},"loc":{"start":{"line":83,"column":23},"end":{"line":89,"column":5}},"line":83},"20":{"name":"(anonymous_20)","decl":{"start":{"line":90,"column":11},"end":{"line":90,"column":12}},"loc":{"start":{"line":90,"column":22},"end":{"line":92,"column":5}},"line":90},"21":{"name":"(anonymous_21)","decl":{"start":{"line":96,"column":41},"end":{"line":96,"column":42}},"loc":{"start":{"line":96,"column":55},"end":{"line":108,"column":1}},"line":96},"22":{"name":"(anonymous_22)","decl":{"start":{"line":98,"column":10},"end":{"line":98,"column":11}},"loc":{"start":{"line":98,"column":22},"end":{"line":104,"column":5}},"line":98},"23":{"name":"(anonymous_23)","decl":{"start":{"line":105,"column":11},"end":{"line":105,"column":12}},"loc":{"start":{"line":105,"column":20},"end":{"line":107,"column":5}},"line":105},"24":{"name":"(anonymous_24)","decl":{"start":{"line":111,"column":29},"end":{"line":111,"column":30}},"loc":{"start":{"line":111,"column":43},"end":{"line":124,"column":1}},"line":111},"25":{"name":"(anonymous_25)","decl":{"start":{"line":118,"column":10},"end":{"line":118,"column":11}},"loc":{"start":{"line":118,"column":22},"end":{"line":120,"column":5}},"line":118},"26":{"name":"(anonymous_26)","decl":{"start":{"line":121,"column":11},"end":{"line":121,"column":12}},"loc":{"start":{"line":121,"column":20},"end":{"line":123,"column":5}},"line":121},"27":{"name":"(anonymous_27)","decl":{"start":{"line":127,"column":42},"end":{"line":127,"column":43}},"loc":{"start":{"line":127,"column":56},"end":{"line":149,"column":1}},"line":127},"28":{"name":"(anonymous_28)","decl":{"start":{"line":135,"column":10},"end":{"line":135,"column":11}},"loc":{"start":{"line":135,"column":21},"end":{"line":139,"column":5}},"line":135},"29":{"name":"(anonymous_29)","decl":{"start":{"line":140,"column":10},"end":{"line":140,"column":11}},"loc":{"start":{"line":140,"column":16},"end":{"line":145,"column":5}},"line":140},"30":{"name":"(anonymous_30)","decl":{"start":{"line":142,"column":14},"end":{"line":142,"column":15}},"loc":{"start":{"line":142,"column":25},"end":{"line":144,"column":9}},"line":142},"31":{"name":"(anonymous_31)","decl":{"start":{"line":146,"column":11},"end":{"line":146,"column":12}},"loc":{"start":{"line":146,"column":20},"end":{"line":148,"column":5}},"line":146},"32":{"name":"(anonymous_32)","decl":{"start":{"line":152,"column":32},"end":{"line":152,"column":33}},"loc":{"start":{"line":152,"column":46},"end":{"line":179,"column":1}},"line":152},"33":{"name":"(anonymous_33)","decl":{"start":{"line":159,"column":10},"end":{"line":159,"column":11}},"loc":{"start":{"line":159,"column":22},"end":{"line":175,"column":5}},"line":159},"34":{"name":"(anonymous_34)","decl":{"start":{"line":160,"column":23},"end":{"line":160,"column":24}},"loc":{"start":{"line":160,"column":34},"end":{"line":164,"column":7}},"line":160},"35":{"name":"(anonymous_35)","decl":{"start":{"line":171,"column":14},"end":{"line":171,"column":15}},"loc":{"start":{"line":171,"column":25},"end":{"line":173,"column":9}},"line":171},"36":{"name":"(anonymous_36)","decl":{"start":{"line":176,"column":11},"end":{"line":176,"column":12}},"loc":{"start":{"line":176,"column":17},"end":{"line":178,"column":5}},"line":176},"37":{"name":"(anonymous_37)","decl":{"start":{"line":182,"column":32},"end":{"line":182,"column":33}},"loc":{"start":{"line":182,"column":46},"end":{"line":216,"column":1}},"line":182},"38":{"name":"(anonymous_38)","decl":{"start":{"line":191,"column":10},"end":{"line":191,"column":11}},"loc":{"start":{"line":191,"column":22},"end":{"line":212,"column":5}},"line":191},"39":{"name":"(anonymous_39)","decl":{"start":{"line":192,"column":23},"end":{"line":192,"column":24}},"loc":{"start":{"line":192,"column":33},"end":{"line":196,"column":7}},"line":192},"40":{"name":"(anonymous_40)","decl":{"start":{"line":208,"column":14},"end":{"line":208,"column":15}},"loc":{"start":{"line":208,"column":24},"end":{"line":210,"column":9}},"line":208},"41":{"name":"(anonymous_41)","decl":{"start":{"line":213,"column":11},"end":{"line":213,"column":12}},"loc":{"start":{"line":213,"column":17},"end":{"line":215,"column":5}},"line":213},"42":{"name":"(anonymous_42)","decl":{"start":{"line":219,"column":35},"end":{"line":219,"column":36}},"loc":{"start":{"line":219,"column":49},"end":{"line":243,"column":1}},"line":219},"43":{"name":"(anonymous_43)","decl":{"start":{"line":222,"column":10},"end":{"line":222,"column":11}},"loc":{"start":{"line":222,"column":22},"end":{"line":239,"column":5}},"line":222},"44":{"name":"(anonymous_44)","decl":{"start":{"line":223,"column":23},"end":{"line":223,"column":24}},"loc":{"start":{"line":223,"column":34},"end":{"line":227,"column":7}},"line":223},"45":{"name":"(anonymous_45)","decl":{"start":{"line":232,"column":16},"end":{"line":232,"column":17}},"loc":{"start":{"line":232,"column":22},"end":{"line":237,"column":11}},"line":232},"46":{"name":"(anonymous_46)","decl":{"start":{"line":234,"column":20},"end":{"line":234,"column":21}},"loc":{"start":{"line":234,"column":26},"end":{"line":236,"column":15}},"line":234},"47":{"name":"(anonymous_47)","decl":{"start":{"line":240,"column":11},"end":{"line":240,"column":12}},"loc":{"start":{"line":240,"column":20},"end":{"line":242,"column":5}},"line":240},"48":{"name":"(anonymous_48)","decl":{"start":{"line":246,"column":35},"end":{"line":246,"column":36}},"loc":{"start":{"line":246,"column":49},"end":{"line":267,"column":1}},"line":246},"49":{"name":"(anonymous_49)","decl":{"start":{"line":249,"column":10},"end":{"line":249,"column":11}},"loc":{"start":{"line":249,"column":22},"end":{"line":263,"column":5}},"line":249},"50":{"name":"(anonymous_50)","decl":{"start":{"line":250,"column":23},"end":{"line":250,"column":24}},"loc":{"start":{"line":250,"column":34},"end":{"line":254,"column":7}},"line":250},"51":{"name":"(anonymous_51)","decl":{"start":{"line":259,"column":16},"end":{"line":259,"column":17}},"loc":{"start":{"line":259,"column":22},"end":{"line":261,"column":11}},"line":259},"52":{"name":"(anonymous_52)","decl":{"start":{"line":264,"column":11},"end":{"line":264,"column":12}},"loc":{"start":{"line":264,"column":20},"end":{"line":266,"column":5}},"line":264}},"branchMap":{"0":{"loc":{"start":{"line":4,"column":20},"end":{"line":4,"column":57}},"type":"binary-expr","locations":[{"start":{"line":4,"column":20},"end":{"line":4,"column":40}},{"start":{"line":4,"column":44},"end":{"line":4,"column":57}}],"line":4},"1":{"loc":{"start":{"line":46,"column":6},"end":{"line":53,"column":7}},"type":"if","locations":[{"start":{"line":46,"column":6},"end":{"line":53,"column":7}},{"start":{"line":46,"column":6},"end":{"line":53,"column":7}}],"line":46},"2":{"loc":{"start":{"line":48,"column":8},"end":{"line":52,"column":9}},"type":"if","locations":[{"start":{"line":48,"column":8},"end":{"line":52,"column":9}},{"start":{"line":48,"column":8},"end":{"line":52,"column":9}}],"line":48},"3":{"loc":{"start":{"line":67,"column":6},"end":{"line":71,"column":7}},"type":"if","locations":[{"start":{"line":67,"column":6},"end":{"line":71,"column":7}},{"start":{"line":67,"column":6},"end":{"line":71,"column":7}}],"line":67},"4":{"loc":{"start":{"line":84,"column":6},"end":{"line":88,"column":7}},"type":"if","locations":[{"start":{"line":84,"column":6},"end":{"line":88,"column":7}},{"start":{"line":84,"column":6},"end":{"line":88,"column":7}}],"line":84},"5":{"loc":{"start":{"line":99,"column":6},"end":{"line":103,"column":7}},"type":"if","locations":[{"start":{"line":99,"column":6},"end":{"line":103,"column":7}},{"start":{"line":99,"column":6},"end":{"line":103,"column":7}}],"line":99},"6":{"loc":{"start":{"line":113,"column":2},"end":{"line":115,"column":3}},"type":"if","locations":[{"start":{"line":113,"column":2},"end":{"line":115,"column":3}},{"start":{"line":113,"column":2},"end":{"line":115,"column":3}}],"line":113},"7":{"loc":{"start":{"line":130,"column":4},"end":{"line":132,"column":5}},"type":"if","locations":[{"start":{"line":130,"column":4},"end":{"line":132,"column":5}},{"start":{"line":130,"column":4},"end":{"line":132,"column":5}}],"line":130},"8":{"loc":{"start":{"line":136,"column":6},"end":{"line":138,"column":7}},"type":"if","locations":[{"start":{"line":136,"column":6},"end":{"line":138,"column":7}},{"start":{"line":136,"column":6},"end":{"line":138,"column":7}}],"line":136},"9":{"loc":{"start":{"line":154,"column":2},"end":{"line":156,"column":3}},"type":"if","locations":[{"start":{"line":154,"column":2},"end":{"line":156,"column":3}},{"start":{"line":154,"column":2},"end":{"line":156,"column":3}}],"line":154},"10":{"loc":{"start":{"line":161,"column":8},"end":{"line":163,"column":9}},"type":"if","locations":[{"start":{"line":161,"column":8},"end":{"line":163,"column":9}},{"start":{"line":161,"column":8},"end":{"line":163,"column":9}}],"line":161},"11":{"loc":{"start":{"line":165,"column":6},"end":{"line":174,"column":7}},"type":"if","locations":[{"start":{"line":165,"column":6},"end":{"line":174,"column":7}},{"start":{"line":165,"column":6},"end":{"line":174,"column":7}}],"line":165},"12":{"loc":{"start":{"line":185,"column":4},"end":{"line":187,"column":5}},"type":"if","locations":[{"start":{"line":185,"column":4},"end":{"line":187,"column":5}},{"start":{"line":185,"column":4},"end":{"line":187,"column":5}}],"line":185},"13":{"loc":{"start":{"line":193,"column":8},"end":{"line":195,"column":9}},"type":"if","locations":[{"start":{"line":193,"column":8},"end":{"line":195,"column":9}},{"start":{"line":193,"column":8},"end":{"line":195,"column":9}}],"line":193},"14":{"loc":{"start":{"line":197,"column":6},"end":{"line":211,"column":7}},"type":"if","locations":[{"start":{"line":197,"column":6},"end":{"line":211,"column":7}},{"start":{"line":197,"column":6},"end":{"line":211,"column":7}}],"line":197},"15":{"loc":{"start":{"line":224,"column":8},"end":{"line":226,"column":9}},"type":"if","locations":[{"start":{"line":224,"column":8},"end":{"line":226,"column":9}},{"start":{"line":224,"column":8},"end":{"line":226,"column":9}}],"line":224},"16":{"loc":{"start":{"line":228,"column":6},"end":{"line":238,"column":7}},"type":"if","locations":[{"start":{"line":228,"column":6},"end":{"line":238,"column":7}},{"start":{"line":228,"column":6},"end":{"line":238,"column":7}}],"line":228},"17":{"loc":{"start":{"line":251,"column":8},"end":{"line":253,"column":9}},"type":"if","locations":[{"start":{"line":251,"column":8},"end":{"line":253,"column":9}},{"start":{"line":251,"column":8},"end":{"line":253,"column":9}}],"line":251},"18":{"loc":{"start":{"line":255,"column":6},"end":{"line":262,"column":7}},"type":"if","locations":[{"start":{"line":255,"column":6},"end":{"line":262,"column":7}},{"start":{"line":255,"column":6},"end":{"line":262,"column":7}}],"line":255}},"s":{"0":1,"1":1,"2":1,"3":1,"4":1,"5":1,"6":1,"7":1,"8":1,"9":1,"10":1,"11":8,"12":1,"13":2,"14":1,"15":2,"16":1,"17":3,"18":1,"19":8,"20":1,"21":6,"22":1,"23":6,"24":1,"25":1,"26":1,"27":1,"28":1,"29":0,"30":1,"31":2,"32":2,"33":2,"34":1,"35":1,"36":1,"37":1,"38":0,"39":2,"40":1,"41":1,"42":3,"43":2,"44":1,"45":1,"46":1,"47":1,"48":3,"49":2,"50":1,"51":1,"52":1,"53":1,"54":3,"55":2,"56":1,"57":1,"58":1,"59":1,"60":2,"61":2,"62":1,"63":2,"64":1,"65":1,"66":1,"67":4,"68":4,"69":20,"70":2,"71":3,"72":2,"73":1,"74":2,"75":1,"76":1,"77":1,"78":4,"79":4,"80":2,"81":4,"82":4,"83":4,"84":12,"85":2,"86":4,"87":2,"88":2,"89":1,"90":1,"91":1,"92":2,"93":2,"94":12,"95":0,"96":2,"97":2,"98":2,"99":12,"100":1,"101":2,"102":1,"103":1,"104":1,"105":0,"106":1,"107":3,"108":3,"109":3,"110":9,"111":2,"112":3,"113":1,"114":2,"115":2,"116":2,"117":0,"118":1,"119":2,"120":2,"121":2,"122":12,"123":1,"124":2,"125":1,"126":1,"127":1,"128":0,"129":1},"f":{"0":8,"1":2,"2":2,"3":3,"4":8,"5":6,"6":6,"7":1,"8":1,"9":1,"10":0,"11":2,"12":2,"13":1,"14":1,"15":3,"16":2,"17":1,"18":3,"19":2,"20":1,"21":3,"22":2,"23":1,"24":2,"25":1,"26":1,"27":4,"28":2,"29":2,"30":1,"31":1,"32":4,"33":4,"34":12,"35":1,"36":1,"37":2,"38":2,"39":12,"40":1,"41":0,"42":3,"43":3,"44":9,"45":2,"46":2,"47":0,"48":2,"49":2,"50":12,"51":1,"52":0},"b":{"0":[1,0],"1":[1,1],"2":[1,0],"3":[1,1],"4":[1,1],"5":[1,1],"6":[1,1],"7":[2,18],"8":[1,1],"9":[2,2],"10":[2,10],"11":[2,2],"12":[0,12],"13":[1,11],"14":[1,1],"15":[2,7],"16":[1,2],"17":[1,11],"18":[1,1]},"_coverageSchema":"43e27e138ebf9cfc5966b082cf9a028302ed4184","hash":"12f50c4e61a5651c374e591d8dd798eeb59b0be6"}
,"/Users/francema/Turing/palette-picker/palette-api/knexfile.js": {"path":"/Users/francema/Turing/palette-picker/palette-api/knexfile.js","statementMap":{"0":{"start":{"line":1,"column":0},"end":{"line":53,"column":2}}},"fnMap":{},"branchMap":{},"s":{"0":1},"f":{},"b":{},"_coverageSchema":"43e27e138ebf9cfc5966b082cf9a028302ed4184","hash":"844677f82ee1c561baf7fb93f1c0278fbd768c7e"}
,"/Users/francema/Turing/palette-picker/palette-api/db/sampleData.js": {"path":"/Users/francema/Turing/palette-picker/palette-api/db/sampleData.js","statementMap":{"0":{"start":{"line":1,"column":19},"end":{"line":65,"column":1}},"1":{"start":{"line":67,"column":0},"end":{"line":67,"column":28}}},"fnMap":{},"branchMap":{},"s":{"0":1,"1":1},"f":{},"b":{},"_coverageSchema":"43e27e138ebf9cfc5966b082cf9a028302ed4184","hash":"0b4812f7323ae316cfd972c3a855f9275f4573ae"}
,"/Users/francema/Turing/palette-picker/palette-api/db/seeds/test/projects.js": {"path":"/Users/francema/Turing/palette-picker/palette-api/db/seeds/test/projects.js","statementMap":{"0":{"start":{"line":1,"column":19},"end":{"line":1,"column":46}},"1":{"start":{"line":3,"column":22},"end":{"line":30,"column":1}},"2":{"start":{"line":4,"column":2},"end":{"line":29,"column":7}},"3":{"start":{"line":12,"column":28},"end":{"line":12,"column":30}},"4":{"start":{"line":14,"column":6},"end":{"line":26,"column":9}},"5":{"start":{"line":15,"column":8},"end":{"line":25,"column":10}},"6":{"start":{"line":28,"column":6},"end":{"line":28,"column":42}},"7":{"start":{"line":32,"column":22},"end":{"line":34,"column":1}},"8":{"start":{"line":33,"column":2},"end":{"line":33,"column":42}},"9":{"start":{"line":36,"column":0},"end":{"line":50,"column":2}},"10":{"start":{"line":37,"column":2},"end":{"line":49,"column":65}},"11":{"start":{"line":39,"column":16},"end":{"line":39,"column":38}},"12":{"start":{"line":41,"column":28},"end":{"line":41,"column":30}},"13":{"start":{"line":43,"column":6},"end":{"line":45,"column":9}},"14":{"start":{"line":44,"column":8},"end":{"line":44,"column":59}},"15":{"start":{"line":47,"column":6},"end":{"line":47,"column":42}},"16":{"start":{"line":49,"column":20},"end":{"line":49,"column":63}}},"fnMap":{"0":{"name":"(anonymous_0)","decl":{"start":{"line":3,"column":22},"end":{"line":3,"column":23}},"loc":{"start":{"line":3,"column":41},"end":{"line":30,"column":1}},"line":3},"1":{"name":"(anonymous_1)","decl":{"start":{"line":11,"column":10},"end":{"line":11,"column":11}},"loc":{"start":{"line":11,"column":24},"end":{"line":29,"column":5}},"line":11},"2":{"name":"(anonymous_2)","decl":{"start":{"line":14,"column":31},"end":{"line":14,"column":32}},"loc":{"start":{"line":14,"column":42},"end":{"line":26,"column":7}},"line":14},"3":{"name":"(anonymous_3)","decl":{"start":{"line":32,"column":22},"end":{"line":32,"column":23}},"loc":{"start":{"line":32,"column":41},"end":{"line":34,"column":1}},"line":32},"4":{"name":"(anonymous_4)","decl":{"start":{"line":36,"column":15},"end":{"line":36,"column":16}},"loc":{"start":{"line":36,"column":34},"end":{"line":50,"column":1}},"line":36},"5":{"name":"(anonymous_5)","decl":{"start":{"line":39,"column":10},"end":{"line":39,"column":11}},"loc":{"start":{"line":39,"column":16},"end":{"line":39,"column":38}},"line":39},"6":{"name":"(anonymous_6)","decl":{"start":{"line":40,"column":10},"end":{"line":40,"column":11}},"loc":{"start":{"line":40,"column":16},"end":{"line":48,"column":5}},"line":40},"7":{"name":"(anonymous_7)","decl":{"start":{"line":43,"column":25},"end":{"line":43,"column":26}},"loc":{"start":{"line":43,"column":36},"end":{"line":45,"column":7}},"line":43},"8":{"name":"(anonymous_8)","decl":{"start":{"line":49,"column":11},"end":{"line":49,"column":12}},"loc":{"start":{"line":49,"column":20},"end":{"line":49,"column":63}},"line":49}},"branchMap":{},"s":{"0":1,"1":1,"2":96,"3":96,"4":96,"5":192,"6":96,"7":1,"8":192,"9":1,"10":32,"11":32,"12":32,"13":32,"14":96,"15":32,"16":0},"f":{"0":96,"1":96,"2":192,"3":192,"4":32,"5":32,"6":32,"7":96,"8":0},"b":{},"_coverageSchema":"43e27e138ebf9cfc5966b082cf9a028302ed4184","hash":"1e0911194cf4c66d18cec685f6e1961cfc31422b"}
}
