{"/Users/francema/Turing/palette-picker/palette-api/app.js": {"path":"/Users/francema/Turing/palette-picker/palette-api/app.js","statementMap":{"0":{"start":{"line":1,"column":16},"end":{"line":1,"column":34}},"1":{"start":{"line":2,"column":19},"end":{"line":2,"column":41}},"2":{"start":{"line":3,"column":12},"end":{"line":3,"column":21}},"3":{"start":{"line":4,"column":20},"end":{"line":4,"column":57}},"4":{"start":{"line":5,"column":22},"end":{"line":5,"column":56}},"5":{"start":{"line":6,"column":17},"end":{"line":6,"column":47}},"6":{"start":{"line":9,"column":0},"end":{"line":9,"column":28}},"7":{"start":{"line":11,"column":0},"end":{"line":11,"column":26}},"8":{"start":{"line":14,"column":0},"end":{"line":23,"column":3}},"9":{"start":{"line":15,"column":0},"end":{"line":22,"column":5}},"10":{"start":{"line":18,"column":4},"end":{"line":18,"column":35}},"11":{"start":{"line":21,"column":4},"end":{"line":21,"column":36}},"12":{"start":{"line":26,"column":0},"end":{"line":35,"column":5}},"13":{"start":{"line":27,"column":2},"end":{"line":34,"column":7}},"14":{"start":{"line":30,"column":6},"end":{"line":30,"column":37}},"15":{"start":{"line":33,"column":6},"end":{"line":33,"column":38}},"16":{"start":{"line":38,"column":0},"end":{"line":54,"column":5}},"17":{"start":{"line":39,"column":2},"end":{"line":53,"column":7}},"18":{"start":{"line":43,"column":6},"end":{"line":49,"column":7}},"19":{"start":{"line":44,"column":8},"end":{"line":44,"column":38}},"20":{"start":{"line":46,"column":8},"end":{"line":48,"column":11}},"21":{"start":{"line":52,"column":6},"end":{"line":52,"column":38}},"22":{"start":{"line":57,"column":0},"end":{"line":73,"column":5}},"23":{"start":{"line":58,"column":2},"end":{"line":72,"column":7}},"24":{"start":{"line":62,"column":6},"end":{"line":68,"column":7}},"25":{"start":{"line":63,"column":8},"end":{"line":63,"column":38}},"26":{"start":{"line":65,"column":8},"end":{"line":67,"column":11}},"27":{"start":{"line":71,"column":6},"end":{"line":71,"column":38}},"28":{"start":{"line":76,"column":0},"end":{"line":90,"column":3}},"29":{"start":{"line":77,"column":2},"end":{"line":89,"column":7}},"30":{"start":{"line":79,"column":6},"end":{"line":85,"column":7}},"31":{"start":{"line":80,"column":8},"end":{"line":80,"column":39}},"32":{"start":{"line":82,"column":8},"end":{"line":84,"column":11}},"33":{"start":{"line":88,"column":6},"end":{"line":88,"column":38}},"34":{"start":{"line":93,"column":0},"end":{"line":108,"column":3}},"35":{"start":{"line":94,"column":21},"end":{"line":94,"column":29}},"36":{"start":{"line":95,"column":2},"end":{"line":99,"column":3}},"37":{"start":{"line":96,"column":4},"end":{"line":98,"column":6}},"38":{"start":{"line":100,"column":2},"end":{"line":107,"column":7}},"39":{"start":{"line":103,"column":6},"end":{"line":103,"column":48}},"40":{"start":{"line":106,"column":6},"end":{"line":106,"column":38}},"41":{"start":{"line":111,"column":0},"end":{"line":137,"column":3}},"42":{"start":{"line":112,"column":21},"end":{"line":112,"column":29}},"43":{"start":{"line":113,"column":2},"end":{"line":119,"column":3}},"44":{"start":{"line":114,"column":4},"end":{"line":118,"column":5}},"45":{"start":{"line":115,"column":6},"end":{"line":117,"column":8}},"46":{"start":{"line":120,"column":2},"end":{"line":136,"column":7}},"47":{"start":{"line":122,"column":6},"end":{"line":126,"column":7}},"48":{"start":{"line":123,"column":8},"end":{"line":125,"column":10}},"49":{"start":{"line":129,"column":6},"end":{"line":132,"column":10}},"50":{"start":{"line":131,"column":10},"end":{"line":131,"column":48}},"51":{"start":{"line":135,"column":6},"end":{"line":135,"column":38}},"52":{"start":{"line":140,"column":0},"end":{"line":174,"column":3}},"53":{"start":{"line":141,"column":25},"end":{"line":141,"column":33}},"54":{"start":{"line":142,"column":2},"end":{"line":146,"column":3}},"55":{"start":{"line":143,"column":4},"end":{"line":145,"column":6}},"56":{"start":{"line":147,"column":14},"end":{"line":147,"column":19}},"57":{"start":{"line":148,"column":2},"end":{"line":173,"column":7}},"58":{"start":{"line":150,"column":6},"end":{"line":154,"column":8}},"59":{"start":{"line":151,"column":8},"end":{"line":153,"column":9}},"60":{"start":{"line":152,"column":10},"end":{"line":152,"column":22}},"61":{"start":{"line":155,"column":6},"end":{"line":169,"column":7}},"62":{"start":{"line":156,"column":8},"end":{"line":158,"column":10}},"63":{"start":{"line":160,"column":8},"end":{"line":168,"column":10}},"64":{"start":{"line":164,"column":10},"end":{"line":167,"column":11}},"65":{"start":{"line":172,"column":6},"end":{"line":172,"column":38}},"66":{"start":{"line":177,"column":0},"end":{"line":217,"column":3}},"67":{"start":{"line":178,"column":25},"end":{"line":178,"column":33}},"68":{"start":{"line":179,"column":2},"end":{"line":185,"column":3}},"69":{"start":{"line":180,"column":4},"end":{"line":184,"column":5}},"70":{"start":{"line":181,"column":6},"end":{"line":183,"column":8}},"71":{"start":{"line":186,"column":14},"end":{"line":186,"column":19}},"72":{"start":{"line":187,"column":2},"end":{"line":216,"column":7}},"73":{"start":{"line":189,"column":6},"end":{"line":193,"column":8}},"74":{"start":{"line":190,"column":8},"end":{"line":192,"column":9}},"75":{"start":{"line":191,"column":10},"end":{"line":191,"column":22}},"76":{"start":{"line":194,"column":6},"end":{"line":212,"column":7}},"77":{"start":{"line":195,"column":8},"end":{"line":197,"column":10}},"78":{"start":{"line":199,"column":8},"end":{"line":211,"column":10}},"79":{"start":{"line":208,"column":10},"end":{"line":210,"column":11}},"80":{"start":{"line":215,"column":6},"end":{"line":215,"column":38}},"81":{"start":{"line":221,"column":0},"end":{"line":249,"column":3}},"82":{"start":{"line":222,"column":14},"end":{"line":222,"column":19}},"83":{"start":{"line":223,"column":2},"end":{"line":248,"column":7}},"84":{"start":{"line":225,"column":6},"end":{"line":229,"column":9}},"85":{"start":{"line":226,"column":8},"end":{"line":228,"column":9}},"86":{"start":{"line":227,"column":10},"end":{"line":227,"column":23}},"87":{"start":{"line":230,"column":6},"end":{"line":244,"column":7}},"88":{"start":{"line":231,"column":8},"end":{"line":233,"column":11}},"89":{"start":{"line":235,"column":8},"end":{"line":243,"column":13}},"90":{"start":{"line":237,"column":12},"end":{"line":242,"column":17}},"91":{"start":{"line":239,"column":16},"end":{"line":241,"column":18}},"92":{"start":{"line":247,"column":6},"end":{"line":247,"column":38}},"93":{"start":{"line":252,"column":0},"end":{"line":277,"column":3}},"94":{"start":{"line":253,"column":14},"end":{"line":253,"column":19}},"95":{"start":{"line":254,"column":2},"end":{"line":276,"column":7}},"96":{"start":{"line":256,"column":6},"end":{"line":260,"column":9}},"97":{"start":{"line":257,"column":8},"end":{"line":259,"column":9}},"98":{"start":{"line":258,"column":10},"end":{"line":258,"column":23}},"99":{"start":{"line":261,"column":6},"end":{"line":272,"column":7}},"100":{"start":{"line":262,"column":8},"end":{"line":264,"column":11}},"101":{"start":{"line":266,"column":8},"end":{"line":271,"column":13}},"102":{"start":{"line":268,"column":12},"end":{"line":270,"column":14}},"103":{"start":{"line":275,"column":6},"end":{"line":275,"column":38}},"104":{"start":{"line":280,"column":0},"end":{"line":280,"column":20}}},"fnMap":{"0":{"name":"(anonymous_0)","decl":{"start":{"line":14,"column":28},"end":{"line":14,"column":29}},"loc":{"start":{"line":14,"column":42},"end":{"line":23,"column":1}},"line":14},"1":{"name":"(anonymous_1)","decl":{"start":{"line":17,"column":8},"end":{"line":17,"column":9}},"loc":{"start":{"line":17,"column":22},"end":{"line":19,"column":3}},"line":17},"2":{"name":"(anonymous_2)","decl":{"start":{"line":20,"column":9},"end":{"line":20,"column":10}},"loc":{"start":{"line":20,"column":20},"end":{"line":22,"column":3}},"line":20},"3":{"name":"(anonymous_3)","decl":{"start":{"line":26,"column":28},"end":{"line":26,"column":29}},"loc":{"start":{"line":26,"column":42},"end":{"line":35,"column":3}},"line":26},"4":{"name":"(anonymous_4)","decl":{"start":{"line":29,"column":10},"end":{"line":29,"column":11}},"loc":{"start":{"line":29,"column":24},"end":{"line":31,"column":5}},"line":29},"5":{"name":"(anonymous_5)","decl":{"start":{"line":32,"column":11},"end":{"line":32,"column":12}},"loc":{"start":{"line":32,"column":22},"end":{"line":34,"column":5}},"line":32},"6":{"name":"(anonymous_6)","decl":{"start":{"line":38,"column":32},"end":{"line":38,"column":33}},"loc":{"start":{"line":38,"column":46},"end":{"line":54,"column":3}},"line":38},"7":{"name":"(anonymous_7)","decl":{"start":{"line":42,"column":10},"end":{"line":42,"column":11}},"loc":{"start":{"line":42,"column":23},"end":{"line":50,"column":5}},"line":42},"8":{"name":"(anonymous_8)","decl":{"start":{"line":51,"column":11},"end":{"line":51,"column":12}},"loc":{"start":{"line":51,"column":22},"end":{"line":53,"column":5}},"line":51},"9":{"name":"(anonymous_9)","decl":{"start":{"line":57,"column":32},"end":{"line":57,"column":33}},"loc":{"start":{"line":57,"column":46},"end":{"line":73,"column":3}},"line":57},"10":{"name":"(anonymous_10)","decl":{"start":{"line":61,"column":10},"end":{"line":61,"column":11}},"loc":{"start":{"line":61,"column":23},"end":{"line":69,"column":5}},"line":61},"11":{"name":"(anonymous_11)","decl":{"start":{"line":70,"column":11},"end":{"line":70,"column":12}},"loc":{"start":{"line":70,"column":22},"end":{"line":72,"column":5}},"line":70},"12":{"name":"(anonymous_12)","decl":{"start":{"line":76,"column":41},"end":{"line":76,"column":42}},"loc":{"start":{"line":76,"column":55},"end":{"line":90,"column":1}},"line":76},"13":{"name":"(anonymous_13)","decl":{"start":{"line":78,"column":10},"end":{"line":78,"column":11}},"loc":{"start":{"line":78,"column":22},"end":{"line":86,"column":5}},"line":78},"14":{"name":"(anonymous_14)","decl":{"start":{"line":87,"column":11},"end":{"line":87,"column":12}},"loc":{"start":{"line":87,"column":20},"end":{"line":89,"column":5}},"line":87},"15":{"name":"(anonymous_15)","decl":{"start":{"line":93,"column":29},"end":{"line":93,"column":30}},"loc":{"start":{"line":93,"column":43},"end":{"line":108,"column":1}},"line":93},"16":{"name":"(anonymous_16)","decl":{"start":{"line":102,"column":10},"end":{"line":102,"column":11}},"loc":{"start":{"line":102,"column":22},"end":{"line":104,"column":5}},"line":102},"17":{"name":"(anonymous_17)","decl":{"start":{"line":105,"column":11},"end":{"line":105,"column":12}},"loc":{"start":{"line":105,"column":20},"end":{"line":107,"column":5}},"line":105},"18":{"name":"(anonymous_18)","decl":{"start":{"line":111,"column":42},"end":{"line":111,"column":43}},"loc":{"start":{"line":111,"column":56},"end":{"line":137,"column":1}},"line":111},"19":{"name":"(anonymous_19)","decl":{"start":{"line":121,"column":10},"end":{"line":121,"column":11}},"loc":{"start":{"line":121,"column":21},"end":{"line":127,"column":5}},"line":121},"20":{"name":"(anonymous_20)","decl":{"start":{"line":128,"column":10},"end":{"line":128,"column":11}},"loc":{"start":{"line":128,"column":16},"end":{"line":133,"column":5}},"line":128},"21":{"name":"(anonymous_21)","decl":{"start":{"line":130,"column":14},"end":{"line":130,"column":15}},"loc":{"start":{"line":130,"column":25},"end":{"line":132,"column":9}},"line":130},"22":{"name":"(anonymous_22)","decl":{"start":{"line":134,"column":11},"end":{"line":134,"column":12}},"loc":{"start":{"line":134,"column":20},"end":{"line":136,"column":5}},"line":134},"23":{"name":"(anonymous_23)","decl":{"start":{"line":140,"column":32},"end":{"line":140,"column":33}},"loc":{"start":{"line":140,"column":46},"end":{"line":174,"column":1}},"line":140},"24":{"name":"(anonymous_24)","decl":{"start":{"line":149,"column":10},"end":{"line":149,"column":11}},"loc":{"start":{"line":149,"column":22},"end":{"line":170,"column":5}},"line":149},"25":{"name":"(anonymous_25)","decl":{"start":{"line":150,"column":23},"end":{"line":150,"column":24}},"loc":{"start":{"line":150,"column":34},"end":{"line":154,"column":7}},"line":150},"26":{"name":"(anonymous_26)","decl":{"start":{"line":163,"column":14},"end":{"line":163,"column":15}},"loc":{"start":{"line":163,"column":25},"end":{"line":168,"column":9}},"line":163},"27":{"name":"(anonymous_27)","decl":{"start":{"line":171,"column":11},"end":{"line":171,"column":12}},"loc":{"start":{"line":171,"column":17},"end":{"line":173,"column":5}},"line":171},"28":{"name":"(anonymous_28)","decl":{"start":{"line":177,"column":32},"end":{"line":177,"column":33}},"loc":{"start":{"line":177,"column":46},"end":{"line":217,"column":1}},"line":177},"29":{"name":"(anonymous_29)","decl":{"start":{"line":188,"column":10},"end":{"line":188,"column":11}},"loc":{"start":{"line":188,"column":22},"end":{"line":213,"column":5}},"line":188},"30":{"name":"(anonymous_30)","decl":{"start":{"line":189,"column":23},"end":{"line":189,"column":24}},"loc":{"start":{"line":189,"column":33},"end":{"line":193,"column":7}},"line":189},"31":{"name":"(anonymous_31)","decl":{"start":{"line":207,"column":14},"end":{"line":207,"column":15}},"loc":{"start":{"line":207,"column":24},"end":{"line":211,"column":9}},"line":207},"32":{"name":"(anonymous_32)","decl":{"start":{"line":214,"column":11},"end":{"line":214,"column":12}},"loc":{"start":{"line":214,"column":17},"end":{"line":216,"column":5}},"line":214},"33":{"name":"(anonymous_33)","decl":{"start":{"line":221,"column":35},"end":{"line":221,"column":36}},"loc":{"start":{"line":221,"column":49},"end":{"line":249,"column":1}},"line":221},"34":{"name":"(anonymous_34)","decl":{"start":{"line":224,"column":10},"end":{"line":224,"column":11}},"loc":{"start":{"line":224,"column":22},"end":{"line":245,"column":5}},"line":224},"35":{"name":"(anonymous_35)","decl":{"start":{"line":225,"column":23},"end":{"line":225,"column":24}},"loc":{"start":{"line":225,"column":34},"end":{"line":229,"column":7}},"line":225},"36":{"name":"(anonymous_36)","decl":{"start":{"line":236,"column":16},"end":{"line":236,"column":17}},"loc":{"start":{"line":236,"column":22},"end":{"line":243,"column":11}},"line":236},"37":{"name":"(anonymous_37)","decl":{"start":{"line":238,"column":20},"end":{"line":238,"column":21}},"loc":{"start":{"line":238,"column":26},"end":{"line":242,"column":15}},"line":238},"38":{"name":"(anonymous_38)","decl":{"start":{"line":246,"column":11},"end":{"line":246,"column":12}},"loc":{"start":{"line":246,"column":20},"end":{"line":248,"column":5}},"line":246},"39":{"name":"(anonymous_39)","decl":{"start":{"line":252,"column":35},"end":{"line":252,"column":36}},"loc":{"start":{"line":252,"column":49},"end":{"line":277,"column":1}},"line":252},"40":{"name":"(anonymous_40)","decl":{"start":{"line":255,"column":10},"end":{"line":255,"column":11}},"loc":{"start":{"line":255,"column":22},"end":{"line":273,"column":5}},"line":255},"41":{"name":"(anonymous_41)","decl":{"start":{"line":256,"column":23},"end":{"line":256,"column":24}},"loc":{"start":{"line":256,"column":34},"end":{"line":260,"column":7}},"line":256},"42":{"name":"(anonymous_42)","decl":{"start":{"line":267,"column":16},"end":{"line":267,"column":17}},"loc":{"start":{"line":267,"column":22},"end":{"line":271,"column":11}},"line":267},"43":{"name":"(anonymous_43)","decl":{"start":{"line":274,"column":11},"end":{"line":274,"column":12}},"loc":{"start":{"line":274,"column":20},"end":{"line":276,"column":5}},"line":274}},"branchMap":{"0":{"loc":{"start":{"line":4,"column":20},"end":{"line":4,"column":57}},"type":"binary-expr","locations":[{"start":{"line":4,"column":20},"end":{"line":4,"column":40}},{"start":{"line":4,"column":44},"end":{"line":4,"column":57}}],"line":4},"1":{"loc":{"start":{"line":43,"column":6},"end":{"line":49,"column":7}},"type":"if","locations":[{"start":{"line":43,"column":6},"end":{"line":49,"column":7}},{"start":{"line":43,"column":6},"end":{"line":49,"column":7}}],"line":43},"2":{"loc":{"start":{"line":62,"column":6},"end":{"line":68,"column":7}},"type":"if","locations":[{"start":{"line":62,"column":6},"end":{"line":68,"column":7}},{"start":{"line":62,"column":6},"end":{"line":68,"column":7}}],"line":62},"3":{"loc":{"start":{"line":79,"column":6},"end":{"line":85,"column":7}},"type":"if","locations":[{"start":{"line":79,"column":6},"end":{"line":85,"column":7}},{"start":{"line":79,"column":6},"end":{"line":85,"column":7}}],"line":79},"4":{"loc":{"start":{"line":95,"column":2},"end":{"line":99,"column":3}},"type":"if","locations":[{"start":{"line":95,"column":2},"end":{"line":99,"column":3}},{"start":{"line":95,"column":2},"end":{"line":99,"column":3}}],"line":95},"5":{"loc":{"start":{"line":114,"column":4},"end":{"line":118,"column":5}},"type":"if","locations":[{"start":{"line":114,"column":4},"end":{"line":118,"column":5}},{"start":{"line":114,"column":4},"end":{"line":118,"column":5}}],"line":114},"6":{"loc":{"start":{"line":122,"column":6},"end":{"line":126,"column":7}},"type":"if","locations":[{"start":{"line":122,"column":6},"end":{"line":126,"column":7}},{"start":{"line":122,"column":6},"end":{"line":126,"column":7}}],"line":122},"7":{"loc":{"start":{"line":142,"column":2},"end":{"line":146,"column":3}},"type":"if","locations":[{"start":{"line":142,"column":2},"end":{"line":146,"column":3}},{"start":{"line":142,"column":2},"end":{"line":146,"column":3}}],"line":142},"8":{"loc":{"start":{"line":151,"column":8},"end":{"line":153,"column":9}},"type":"if","locations":[{"start":{"line":151,"column":8},"end":{"line":153,"column":9}},{"start":{"line":151,"column":8},"end":{"line":153,"column":9}}],"line":151},"9":{"loc":{"start":{"line":155,"column":6},"end":{"line":169,"column":7}},"type":"if","locations":[{"start":{"line":155,"column":6},"end":{"line":169,"column":7}},{"start":{"line":155,"column":6},"end":{"line":169,"column":7}}],"line":155},"10":{"loc":{"start":{"line":180,"column":4},"end":{"line":184,"column":5}},"type":"if","locations":[{"start":{"line":180,"column":4},"end":{"line":184,"column":5}},{"start":{"line":180,"column":4},"end":{"line":184,"column":5}}],"line":180},"11":{"loc":{"start":{"line":190,"column":8},"end":{"line":192,"column":9}},"type":"if","locations":[{"start":{"line":190,"column":8},"end":{"line":192,"column":9}},{"start":{"line":190,"column":8},"end":{"line":192,"column":9}}],"line":190},"12":{"loc":{"start":{"line":194,"column":6},"end":{"line":212,"column":7}},"type":"if","locations":[{"start":{"line":194,"column":6},"end":{"line":212,"column":7}},{"start":{"line":194,"column":6},"end":{"line":212,"column":7}}],"line":194},"13":{"loc":{"start":{"line":226,"column":8},"end":{"line":228,"column":9}},"type":"if","locations":[{"start":{"line":226,"column":8},"end":{"line":228,"column":9}},{"start":{"line":226,"column":8},"end":{"line":228,"column":9}}],"line":226},"14":{"loc":{"start":{"line":230,"column":6},"end":{"line":244,"column":7}},"type":"if","locations":[{"start":{"line":230,"column":6},"end":{"line":244,"column":7}},{"start":{"line":230,"column":6},"end":{"line":244,"column":7}}],"line":230},"15":{"loc":{"start":{"line":257,"column":8},"end":{"line":259,"column":9}},"type":"if","locations":[{"start":{"line":257,"column":8},"end":{"line":259,"column":9}},{"start":{"line":257,"column":8},"end":{"line":259,"column":9}}],"line":257},"16":{"loc":{"start":{"line":261,"column":6},"end":{"line":272,"column":7}},"type":"if","locations":[{"start":{"line":261,"column":6},"end":{"line":272,"column":7}},{"start":{"line":261,"column":6},"end":{"line":272,"column":7}}],"line":261}},"s":{"0":1,"1":1,"2":1,"3":1,"4":1,"5":1,"6":1,"7":1,"8":1,"9":1,"10":1,"11":0,"12":1,"13":1,"14":1,"15":0,"16":1,"17":3,"18":2,"19":1,"20":1,"21":1,"22":1,"23":3,"24":2,"25":1,"26":1,"27":1,"28":1,"29":3,"30":2,"31":1,"32":1,"33":1,"34":1,"35":2,"36":2,"37":1,"38":1,"39":1,"40":0,"41":1,"42":4,"43":4,"44":19,"45":1,"46":3,"47":2,"48":1,"49":2,"50":1,"51":1,"52":1,"53":4,"54":4,"55":2,"56":2,"57":2,"58":2,"59":6,"60":1,"61":2,"62":1,"63":1,"64":1,"65":0,"66":1,"67":2,"68":2,"69":12,"70":0,"71":2,"72":2,"73":2,"74":12,"75":1,"76":2,"77":1,"78":1,"79":1,"80":0,"81":1,"82":3,"83":3,"84":3,"85":9,"86":2,"87":3,"88":1,"89":2,"90":2,"91":2,"92":0,"93":1,"94":2,"95":2,"96":2,"97":12,"98":1,"99":2,"100":1,"101":1,"102":1,"103":0,"104":1},"f":{"0":1,"1":1,"2":0,"3":1,"4":1,"5":0,"6":3,"7":2,"8":1,"9":3,"10":2,"11":1,"12":3,"13":2,"14":1,"15":2,"16":1,"17":0,"18":4,"19":2,"20":2,"21":1,"22":1,"23":4,"24":2,"25":6,"26":1,"27":0,"28":2,"29":2,"30":12,"31":1,"32":0,"33":3,"34":3,"35":9,"36":2,"37":2,"38":0,"39":2,"40":2,"41":12,"42":1,"43":0},"b":{"0":[1,0],"1":[1,1],"2":[1,1],"3":[1,1],"4":[1,1],"5":[1,18],"6":[1,1],"7":[2,2],"8":[1,5],"9":[1,1],"10":[0,12],"11":[1,11],"12":[1,1],"13":[2,7],"14":[1,2],"15":[1,11],"16":[1,1]},"_coverageSchema":"43e27e138ebf9cfc5966b082cf9a028302ed4184","hash":"a19eff21def6cc5cd89319f4f93984e04e55a00a"}
,"/Users/francema/Turing/palette-picker/palette-api/knexfile.js": {"path":"/Users/francema/Turing/palette-picker/palette-api/knexfile.js","statementMap":{"0":{"start":{"line":3,"column":0},"end":{"line":61,"column":2}}},"fnMap":{},"branchMap":{},"s":{"0":1},"f":{},"b":{},"_coverageSchema":"43e27e138ebf9cfc5966b082cf9a028302ed4184","hash":"9a935d4961e8f52f981f90dbcba90ee4bce0824a"}
,"/Users/francema/Turing/palette-picker/palette-api/db/sampleData.js": {"path":"/Users/francema/Turing/palette-picker/palette-api/db/sampleData.js","statementMap":{"0":{"start":{"line":1,"column":19},"end":{"line":65,"column":1}},"1":{"start":{"line":67,"column":0},"end":{"line":67,"column":28}}},"fnMap":{},"branchMap":{},"s":{"0":1,"1":1},"f":{},"b":{},"_coverageSchema":"43e27e138ebf9cfc5966b082cf9a028302ed4184","hash":"0b4812f7323ae316cfd972c3a855f9275f4573ae"}
,"/Users/francema/Turing/palette-picker/palette-api/db/seeds/test/projects.js": {"path":"/Users/francema/Turing/palette-picker/palette-api/db/seeds/test/projects.js","statementMap":{"0":{"start":{"line":1,"column":19},"end":{"line":1,"column":46}},"1":{"start":{"line":3,"column":22},"end":{"line":30,"column":1}},"2":{"start":{"line":4,"column":2},"end":{"line":29,"column":7}},"3":{"start":{"line":12,"column":28},"end":{"line":12,"column":30}},"4":{"start":{"line":14,"column":6},"end":{"line":26,"column":9}},"5":{"start":{"line":15,"column":8},"end":{"line":25,"column":10}},"6":{"start":{"line":28,"column":6},"end":{"line":28,"column":42}},"7":{"start":{"line":32,"column":22},"end":{"line":34,"column":1}},"8":{"start":{"line":33,"column":2},"end":{"line":33,"column":42}},"9":{"start":{"line":36,"column":0},"end":{"line":50,"column":2}},"10":{"start":{"line":37,"column":2},"end":{"line":49,"column":65}},"11":{"start":{"line":39,"column":16},"end":{"line":39,"column":38}},"12":{"start":{"line":41,"column":28},"end":{"line":41,"column":30}},"13":{"start":{"line":43,"column":6},"end":{"line":45,"column":9}},"14":{"start":{"line":44,"column":8},"end":{"line":44,"column":59}},"15":{"start":{"line":47,"column":6},"end":{"line":47,"column":42}},"16":{"start":{"line":49,"column":20},"end":{"line":49,"column":63}}},"fnMap":{"0":{"name":"(anonymous_0)","decl":{"start":{"line":3,"column":22},"end":{"line":3,"column":23}},"loc":{"start":{"line":3,"column":41},"end":{"line":30,"column":1}},"line":3},"1":{"name":"(anonymous_1)","decl":{"start":{"line":11,"column":10},"end":{"line":11,"column":11}},"loc":{"start":{"line":11,"column":24},"end":{"line":29,"column":5}},"line":11},"2":{"name":"(anonymous_2)","decl":{"start":{"line":14,"column":31},"end":{"line":14,"column":32}},"loc":{"start":{"line":14,"column":42},"end":{"line":26,"column":7}},"line":14},"3":{"name":"(anonymous_3)","decl":{"start":{"line":32,"column":22},"end":{"line":32,"column":23}},"loc":{"start":{"line":32,"column":41},"end":{"line":34,"column":1}},"line":32},"4":{"name":"(anonymous_4)","decl":{"start":{"line":36,"column":15},"end":{"line":36,"column":16}},"loc":{"start":{"line":36,"column":34},"end":{"line":50,"column":1}},"line":36},"5":{"name":"(anonymous_5)","decl":{"start":{"line":39,"column":10},"end":{"line":39,"column":11}},"loc":{"start":{"line":39,"column":16},"end":{"line":39,"column":38}},"line":39},"6":{"name":"(anonymous_6)","decl":{"start":{"line":40,"column":10},"end":{"line":40,"column":11}},"loc":{"start":{"line":40,"column":16},"end":{"line":48,"column":5}},"line":40},"7":{"name":"(anonymous_7)","decl":{"start":{"line":43,"column":25},"end":{"line":43,"column":26}},"loc":{"start":{"line":43,"column":36},"end":{"line":45,"column":7}},"line":43},"8":{"name":"(anonymous_8)","decl":{"start":{"line":49,"column":11},"end":{"line":49,"column":12}},"loc":{"start":{"line":49,"column":20},"end":{"line":49,"column":63}},"line":49}},"branchMap":{},"s":{"0":1,"1":1,"2":84,"3":84,"4":84,"5":168,"6":84,"7":1,"8":168,"9":1,"10":28,"11":28,"12":28,"13":28,"14":84,"15":28,"16":0},"f":{"0":84,"1":84,"2":168,"3":168,"4":28,"5":28,"6":28,"7":84,"8":0},"b":{},"_coverageSchema":"43e27e138ebf9cfc5966b082cf9a028302ed4184","hash":"1e0911194cf4c66d18cec685f6e1961cfc31422b"}
}
