TN:
SF:/Users/francema/Turing/palette-picker/palette-api/app.js
FN:15,(anonymous_0)
FN:16,(anonymous_1)
FN:17,(anonymous_2)
FN:18,(anonymous_3)
FN:21,(anonymous_4)
FN:22,(anonymous_5)
FN:23,(anonymous_6)
FN:26,(anonymous_7)
FN:29,(anonymous_8)
FN:32,(anonymous_9)
FN:35,(anonymous_10)
FN:41,(anonymous_11)
FN:45,(anonymous_12)
FN:47,(anonymous_13)
FN:56,(anonymous_14)
FN:62,(anonymous_15)
FN:66,(anonymous_16)
FN:73,(anonymous_17)
FN:79,(anonymous_18)
FN:83,(anonymous_19)
FN:90,(anonymous_20)
FN:96,(anonymous_21)
FN:98,(anonymous_22)
FN:105,(anonymous_23)
FN:111,(anonymous_24)
FN:118,(anonymous_25)
FN:121,(anonymous_26)
FN:127,(anonymous_27)
FN:135,(anonymous_28)
FN:140,(anonymous_29)
FN:142,(anonymous_30)
FN:146,(anonymous_31)
FN:152,(anonymous_32)
FN:159,(anonymous_33)
FN:160,(anonymous_34)
FN:171,(anonymous_35)
FN:176,(anonymous_36)
FN:182,(anonymous_37)
FN:191,(anonymous_38)
FN:192,(anonymous_39)
FN:208,(anonymous_40)
FN:213,(anonymous_41)
FN:219,(anonymous_42)
FN:222,(anonymous_43)
FN:223,(anonymous_44)
FN:232,(anonymous_45)
FN:234,(anonymous_46)
FN:240,(anonymous_47)
FN:246,(anonymous_48)
FN:249,(anonymous_49)
FN:250,(anonymous_50)
FN:259,(anonymous_51)
FN:264,(anonymous_52)
FNF:53
FNH:49
FNDA:8,(anonymous_0)
FNDA:2,(anonymous_1)
FNDA:2,(anonymous_2)
FNDA:3,(anonymous_3)
FNDA:8,(anonymous_4)
FNDA:6,(anonymous_5)
FNDA:6,(anonymous_6)
FNDA:1,(anonymous_7)
FNDA:1,(anonymous_8)
FNDA:1,(anonymous_9)
FNDA:0,(anonymous_10)
FNDA:2,(anonymous_11)
FNDA:2,(anonymous_12)
FNDA:1,(anonymous_13)
FNDA:1,(anonymous_14)
FNDA:3,(anonymous_15)
FNDA:2,(anonymous_16)
FNDA:1,(anonymous_17)
FNDA:3,(anonymous_18)
FNDA:2,(anonymous_19)
FNDA:1,(anonymous_20)
FNDA:3,(anonymous_21)
FNDA:2,(anonymous_22)
FNDA:1,(anonymous_23)
FNDA:2,(anonymous_24)
FNDA:1,(anonymous_25)
FNDA:1,(anonymous_26)
FNDA:4,(anonymous_27)
FNDA:2,(anonymous_28)
FNDA:2,(anonymous_29)
FNDA:1,(anonymous_30)
FNDA:1,(anonymous_31)
FNDA:4,(anonymous_32)
FNDA:4,(anonymous_33)
FNDA:12,(anonymous_34)
FNDA:1,(anonymous_35)
FNDA:1,(anonymous_36)
FNDA:2,(anonymous_37)
FNDA:2,(anonymous_38)
FNDA:12,(anonymous_39)
FNDA:1,(anonymous_40)
FNDA:0,(anonymous_41)
FNDA:3,(anonymous_42)
FNDA:3,(anonymous_43)
FNDA:9,(anonymous_44)
FNDA:2,(anonymous_45)
FNDA:2,(anonymous_46)
FNDA:0,(anonymous_47)
FNDA:2,(anonymous_48)
FNDA:2,(anonymous_49)
FNDA:12,(anonymous_50)
FNDA:1,(anonymous_51)
FNDA:0,(anonymous_52)
DA:1,1
DA:2,1
DA:3,1
DA:4,1
DA:5,1
DA:6,1
DA:7,1
DA:9,1
DA:10,1
DA:12,1
DA:15,8
DA:16,2
DA:17,2
DA:18,3
DA:21,8
DA:22,6
DA:23,6
DA:26,1
DA:29,1
DA:30,1
DA:33,1
DA:36,0
DA:41,1
DA:42,2
DA:43,2
DA:46,2
DA:47,1
DA:48,1
DA:49,1
DA:51,0
DA:54,2
DA:57,1
DA:62,1
DA:63,3
DA:67,2
DA:68,1
DA:70,1
DA:74,1
DA:79,1
DA:80,3
DA:84,2
DA:85,1
DA:87,1
DA:91,1
DA:96,1
DA:97,3
DA:99,2
DA:100,1
DA:102,1
DA:106,1
DA:111,1
DA:112,2
DA:113,2
DA:114,1
DA:116,2
DA:119,1
DA:122,1
DA:127,1
DA:128,4
DA:129,4
DA:130,20
DA:131,2
DA:134,3
DA:136,2
DA:137,1
DA:141,2
DA:143,1
DA:147,1
DA:152,1
DA:153,4
DA:154,4
DA:155,2
DA:157,4
DA:158,4
DA:160,4
DA:161,12
DA:162,2
DA:165,4
DA:166,2
DA:168,2
DA:172,1
DA:177,1
DA:182,1
DA:183,2
DA:184,2
DA:185,12
DA:186,0
DA:189,2
DA:190,2
DA:192,2
DA:193,12
DA:194,1
DA:197,2
DA:198,1
DA:200,1
DA:209,1
DA:214,0
DA:219,1
DA:220,3
DA:221,3
DA:223,3
DA:224,9
DA:225,2
DA:228,3
DA:229,1
DA:231,2
DA:233,2
DA:235,2
DA:241,0
DA:246,1
DA:247,2
DA:248,2
DA:250,2
DA:251,12
DA:252,1
DA:255,2
DA:256,1
DA:258,1
DA:260,1
DA:265,0
DA:269,1
LF:121
LH:115
BRDA:4,0,0,1
BRDA:4,0,1,0
BRDA:46,1,0,1
BRDA:46,1,1,1
BRDA:48,2,0,1
BRDA:48,2,1,0
BRDA:67,3,0,1
BRDA:67,3,1,1
BRDA:84,4,0,1
BRDA:84,4,1,1
BRDA:99,5,0,1
BRDA:99,5,1,1
BRDA:113,6,0,1
BRDA:113,6,1,1
BRDA:130,7,0,2
BRDA:130,7,1,18
BRDA:136,8,0,1
BRDA:136,8,1,1
BRDA:154,9,0,2
BRDA:154,9,1,2
BRDA:161,10,0,2
BRDA:161,10,1,10
BRDA:165,11,0,2
BRDA:165,11,1,2
BRDA:185,12,0,0
BRDA:185,12,1,12
BRDA:193,13,0,1
BRDA:193,13,1,11
BRDA:197,14,0,1
BRDA:197,14,1,1
BRDA:224,15,0,2
BRDA:224,15,1,7
BRDA:228,16,0,1
BRDA:228,16,1,2
BRDA:251,17,0,1
BRDA:251,17,1,11
BRDA:255,18,0,1
BRDA:255,18,1,1
BRF:38
BRH:35
end_of_record
TN:
SF:/Users/francema/Turing/palette-picker/palette-api/knexfile.js
FNF:0
FNH:0
DA:1,1
LF:1
LH:1
BRF:0
BRH:0
end_of_record
TN:
SF:/Users/francema/Turing/palette-picker/palette-api/db/sampleData.js
FNF:0
FNH:0
DA:1,1
DA:67,1
LF:2
LH:2
BRF:0
BRH:0
end_of_record
TN:
SF:/Users/francema/Turing/palette-picker/palette-api/db/seeds/test/projects.js
FN:3,(anonymous_0)
FN:11,(anonymous_1)
FN:14,(anonymous_2)
FN:32,(anonymous_3)
FN:36,(anonymous_4)
FN:39,(anonymous_5)
FN:40,(anonymous_6)
FN:43,(anonymous_7)
FN:49,(anonymous_8)
FNF:9
FNH:8
FNDA:96,(anonymous_0)
FNDA:96,(anonymous_1)
FNDA:192,(anonymous_2)
FNDA:192,(anonymous_3)
FNDA:32,(anonymous_4)
FNDA:32,(anonymous_5)
FNDA:32,(anonymous_6)
FNDA:96,(anonymous_7)
FNDA:0,(anonymous_8)
DA:1,1
DA:3,1
DA:4,96
DA:12,96
DA:14,96
DA:15,192
DA:28,96
DA:32,1
DA:33,192
DA:36,1
DA:37,32
DA:39,32
DA:41,32
DA:43,32
DA:44,96
DA:47,32
DA:49,0
LF:17
LH:16
BRF:0
BRH:0
end_of_record
