TN:
SF:/Users/francema/Turing/palette-picker/palette-api/app.js
FN:14,(anonymous_0)
FN:17,(anonymous_1)
FN:20,(anonymous_2)
FN:26,(anonymous_3)
FN:29,(anonymous_4)
FN:32,(anonymous_5)
FN:38,(anonymous_6)
FN:42,(anonymous_7)
FN:51,(anonymous_8)
FN:57,(anonymous_9)
FN:61,(anonymous_10)
FN:70,(anonymous_11)
FN:76,(anonymous_12)
FN:78,(anonymous_13)
FN:87,(anonymous_14)
FN:93,(anonymous_15)
FN:102,(anonymous_16)
FN:105,(anonymous_17)
FN:111,(anonymous_18)
FN:121,(anonymous_19)
FN:128,(anonymous_20)
FN:130,(anonymous_21)
FN:134,(anonymous_22)
FN:140,(anonymous_23)
FN:149,(anonymous_24)
FN:150,(anonymous_25)
FN:163,(anonymous_26)
FN:171,(anonymous_27)
FN:177,(anonymous_28)
FN:188,(anonymous_29)
FN:189,(anonymous_30)
FN:207,(anonymous_31)
FN:214,(anonymous_32)
FN:221,(anonymous_33)
FN:224,(anonymous_34)
FN:225,(anonymous_35)
FN:236,(anonymous_36)
FN:238,(anonymous_37)
FN:246,(anonymous_38)
FN:252,(anonymous_39)
FN:255,(anonymous_40)
FN:256,(anonymous_41)
FN:267,(anonymous_42)
FN:274,(anonymous_43)
FNF:44
FNH:37
FNDA:1,(anonymous_0)
FNDA:1,(anonymous_1)
FNDA:0,(anonymous_2)
FNDA:1,(anonymous_3)
FNDA:1,(anonymous_4)
FNDA:0,(anonymous_5)
FNDA:3,(anonymous_6)
FNDA:2,(anonymous_7)
FNDA:1,(anonymous_8)
FNDA:3,(anonymous_9)
FNDA:2,(anonymous_10)
FNDA:1,(anonymous_11)
FNDA:3,(anonymous_12)
FNDA:2,(anonymous_13)
FNDA:1,(anonymous_14)
FNDA:2,(anonymous_15)
FNDA:1,(anonymous_16)
FNDA:0,(anonymous_17)
FNDA:4,(anonymous_18)
FNDA:2,(anonymous_19)
FNDA:2,(anonymous_20)
FNDA:1,(anonymous_21)
FNDA:1,(anonymous_22)
FNDA:4,(anonymous_23)
FNDA:2,(anonymous_24)
FNDA:6,(anonymous_25)
FNDA:1,(anonymous_26)
FNDA:0,(anonymous_27)
FNDA:2,(anonymous_28)
FNDA:2,(anonymous_29)
FNDA:12,(anonymous_30)
FNDA:1,(anonymous_31)
FNDA:0,(anonymous_32)
FNDA:3,(anonymous_33)
FNDA:3,(anonymous_34)
FNDA:9,(anonymous_35)
FNDA:2,(anonymous_36)
FNDA:2,(anonymous_37)
FNDA:0,(anonymous_38)
FNDA:2,(anonymous_39)
FNDA:2,(anonymous_40)
FNDA:12,(anonymous_41)
FNDA:1,(anonymous_42)
FNDA:0,(anonymous_43)
DA:1,1
DA:2,1
DA:3,1
DA:4,1
DA:5,1
DA:6,1
DA:9,1
DA:11,1
DA:14,1
DA:15,1
DA:18,1
DA:21,0
DA:26,1
DA:27,1
DA:30,1
DA:33,0
DA:38,1
DA:39,3
DA:43,2
DA:44,1
DA:46,1
DA:52,1
DA:57,1
DA:58,3
DA:62,2
DA:63,1
DA:65,1
DA:71,1
DA:76,1
DA:77,3
DA:79,2
DA:80,1
DA:82,1
DA:88,1
DA:93,1
DA:94,2
DA:95,2
DA:96,1
DA:100,1
DA:103,1
DA:106,0
DA:111,1
DA:112,4
DA:113,4
DA:114,19
DA:115,1
DA:120,3
DA:122,2
DA:123,1
DA:129,2
DA:131,1
DA:135,1
DA:140,1
DA:141,4
DA:142,4
DA:143,2
DA:147,2
DA:148,2
DA:150,2
DA:151,6
DA:152,1
DA:155,2
DA:156,1
DA:160,1
DA:164,1
DA:172,0
DA:177,1
DA:178,2
DA:179,2
DA:180,12
DA:181,0
DA:186,2
DA:187,2
DA:189,2
DA:190,12
DA:191,1
DA:194,2
DA:195,1
DA:199,1
DA:208,1
DA:215,0
DA:221,1
DA:222,3
DA:223,3
DA:225,3
DA:226,9
DA:227,2
DA:230,3
DA:231,1
DA:235,2
DA:237,2
DA:239,2
DA:247,0
DA:252,1
DA:253,2
DA:254,2
DA:256,2
DA:257,12
DA:258,1
DA:261,2
DA:262,1
DA:266,1
DA:268,1
DA:275,0
DA:280,1
LF:105
LH:97
BRDA:4,0,0,1
BRDA:4,0,1,0
BRDA:43,1,0,1
BRDA:43,1,1,1
BRDA:62,2,0,1
BRDA:62,2,1,1
BRDA:79,3,0,1
BRDA:79,3,1,1
BRDA:95,4,0,1
BRDA:95,4,1,1
BRDA:114,5,0,1
BRDA:114,5,1,18
BRDA:122,6,0,1
BRDA:122,6,1,1
BRDA:142,7,0,2
BRDA:142,7,1,2
BRDA:151,8,0,1
BRDA:151,8,1,5
BRDA:155,9,0,1
BRDA:155,9,1,1
BRDA:180,10,0,0
BRDA:180,10,1,12
BRDA:190,11,0,1
BRDA:190,11,1,11
BRDA:194,12,0,1
BRDA:194,12,1,1
BRDA:226,13,0,2
BRDA:226,13,1,7
BRDA:230,14,0,1
BRDA:230,14,1,2
BRDA:257,15,0,1
BRDA:257,15,1,11
BRDA:261,16,0,1
BRDA:261,16,1,1
BRF:34
BRH:32
end_of_record
TN:
SF:/Users/francema/Turing/palette-picker/palette-api/knexfile.js
FNF:0
FNH:0
DA:3,1
LF:1
LH:1
BRF:0
BRH:0
end_of_record
TN:
SF:/Users/francema/Turing/palette-picker/palette-api/db/sampleData.js
FNF:0
FNH:0
DA:1,1
DA:67,1
LF:2
LH:2
BRF:0
BRH:0
end_of_record
TN:
SF:/Users/francema/Turing/palette-picker/palette-api/db/seeds/test/projects.js
FN:3,(anonymous_0)
FN:11,(anonymous_1)
FN:14,(anonymous_2)
FN:32,(anonymous_3)
FN:36,(anonymous_4)
FN:39,(anonymous_5)
FN:40,(anonymous_6)
FN:43,(anonymous_7)
FN:49,(anonymous_8)
FNF:9
FNH:8
FNDA:84,(anonymous_0)
FNDA:84,(anonymous_1)
FNDA:168,(anonymous_2)
FNDA:168,(anonymous_3)
FNDA:28,(anonymous_4)
FNDA:28,(anonymous_5)
FNDA:28,(anonymous_6)
FNDA:84,(anonymous_7)
FNDA:0,(anonymous_8)
DA:1,1
DA:3,1
DA:4,84
DA:12,84
DA:14,84
DA:15,168
DA:28,84
DA:32,1
DA:33,168
DA:36,1
DA:37,28
DA:39,28
DA:41,28
DA:43,28
DA:44,84
DA:47,28
DA:49,0
LF:17
LH:16
BRF:0
BRH:0
end_of_record
